#
# There is insufficient memory for the Java Runtime Environment to continue.
# Native memory allocation (malloc) failed to allocate 1084896 bytes for Chunk::new
# Possible reasons:
#   The system is out of physical RAM or swap space
#   In 32 bit mode, the process size limit was hit
# Possible solutions:
#   Reduce memory load on the system
#   Increase physical memory or swap space
#   Check if swap backing store is full
#   Use 64 bit Java on a 64 bit OS
#   Decrease Java heap size (-Xmx/-Xms)
#   Decrease number of Java threads
#   Decrease Java thread stack sizes (-Xss)
#   Set larger code cache with -XX:ReservedCodeCacheSize=
# This output file may be truncated or incomplete.
#
#  Out of Memory Error (allocation.cpp:390), pid=2620, tid=0x000000000000296c
#
# JRE version: OpenJDK Runtime Environment (8.0_152-b06) (build 1.8.0_152-release-1136-b06)
# Java VM: OpenJDK 64-Bit Server VM (25.152-b06 mixed mode windows-amd64 compressed oops)
# Failed to write core dump. Minidumps are not enabled by default on client versions of Windows
#

---------------  T H R E A D  ---------------

Current thread (0x0000000016cfe000):  JavaThread "C2 CompilerThread0" daemon [_thread_in_native, id=10604, stack(0x0000000018310000,0x0000000018410000)]

Stack: [0x0000000018310000,0x0000000018410000]
[error occurred during error reporting (printing stack bounds), id 0xc0000005]

Native frames: (J=compiled Java code, j=interpreted, Vv=VM code, C=native code)


Current CompileTask:
C2:4730898 34800       4       com.android.tools.r8.ir.regalloc.LinearScanRegisterAllocator::allocateLinkedIntervals (379 bytes)


---------------  P R O C E S S  ---------------

Java Threads: ( => current thread )
  0x0000000027cf8000 JavaThread "ForkJoinPool.commonPool-worker-3" daemon [_thread_blocked, id=6168, stack(0x00000000489d0000,0x0000000048ad0000)]
  0x0000000027cf6800 JavaThread "ForkJoinPool.commonPool-worker-2" daemon [_thread_in_native, id=14596, stack(0x00000000488d0000,0x00000000489d0000)]
  0x0000000027cf9800 JavaThread "ForkJoinPool.commonPool-worker-1" daemon [_thread_blocked, id=9952, stack(0x00000000487d0000,0x00000000488d0000)]
  0x000000001beed800 JavaThread "Cache worker for Java compile cache (C:\Users\spong\Desktop\Berkas Amikom\Materi Kuliah\Pemrograman Aplikasi Mobile\PAMSportsUAS\.gradle\4.6\javaCompile)" [_thread_blocked, id=12888, stack(0x00000000484d0000,0x00000000485d0000)]
  0x000000001beec800 JavaThread "stdout" [_thread_in_native, id=14368, stack(0x00000000483d0000,0x00000000484d0000)]
  0x000000001bee4800 JavaThread "stderr" [_thread_in_native, id=14496, stack(0x00000000482d0000,0x00000000483d0000)]
  0x000000001beeb000 JavaThread "pool-80-thread-1" [_thread_blocked, id=9340, stack(0x00000000481d0000,0x00000000482d0000)]
  0x000000001beea800 JavaThread "Task worker for ':' Thread 3" [_thread_blocked, id=12800, stack(0x00000000480d0000,0x00000000481d0000)]
  0x000000001bee3800 JavaThread "Task worker for ':' Thread 2" [_thread_blocked, id=4740, stack(0x0000000047fd0000,0x00000000480d0000)]
  0x000000001bee3000 JavaThread "Task worker for ':'" [_thread_in_native, id=14896, stack(0x0000000047ed0000,0x0000000047fd0000)]
  0x000000001bee9800 JavaThread "Cache worker for Build Output Cleanup Cache (C:\Users\spong\Desktop\Berkas Amikom\Materi Kuliah\Pemrograman Aplikasi Mobile\PAMSportsUAS\.gradle\buildOutputCleanup)" [_thread_blocked, id=13112, stack(0x0000000047dd0000,0x0000000047ed0000)]
  0x000000001bee2000 JavaThread "Cache worker for task history cache (C:\Users\spong\Desktop\Berkas Amikom\Materi Kuliah\Pemrograman Aplikasi Mobile\PAMSportsUAS\.gradle\4.6\taskHistory)" [_thread_blocked, id=1580, stack(0x0000000047cd0000,0x0000000047dd0000)]
  0x000000001bee9000 JavaThread "Cache worker for file content cache (C:\Users\spong\Desktop\Berkas Amikom\Materi Kuliah\Pemrograman Aplikasi Mobile\PAMSportsUAS\.gradle\4.6\fileContent)" [_thread_blocked, id=2264, stack(0x0000000047bd0000,0x0000000047cd0000)]
  0x000000001bee8000 JavaThread "Build operations Thread 4" [_thread_blocked, id=16156, stack(0x0000000047ad0000,0x0000000047bd0000)]
  0x000000001bee0800 JavaThread "Build operations Thread 3" [_thread_blocked, id=3524, stack(0x00000000479d0000,0x0000000047ad0000)]
  0x00000000260cd000 JavaThread "Build operations Thread 2" [_thread_blocked, id=5536, stack(0x00000000478d0000,0x00000000479d0000)]
  0x00000000260c4800 JavaThread "Build operations" [_thread_blocked, id=11020, stack(0x00000000477d0000,0x00000000478d0000)]
  0x00000000260cb800 JavaThread "Cache worker for Artifact transforms cache (C:\Users\spong\.gradle\caches\transforms-1)" [_thread_blocked, id=10688, stack(0x00000000476d0000,0x00000000477d0000)]
  0x00000000260c4000 JavaThread "Cache worker for file hash cache (C:\Users\spong\Desktop\Berkas Amikom\Materi Kuliah\Pemrograman Aplikasi Mobile\PAMSportsUAS\.gradle\4.6\fileHashes)" [_thread_blocked, id=2152, stack(0x00000000475d0000,0x00000000476d0000)]
  0x00000000260c2800 JavaThread "Asynchronous log dispatcher for DefaultDaemonConnection: socket connection from /127.0.0.1:54885 to /127.0.0.1:57163" [_thread_blocked, id=6428, stack(0x00000000473d0000,0x00000000474d0000)]
  0x00000000260c8800 JavaThread "Daemon worker Thread 12" [_thread_blocked, id=16276, stack(0x00000000472d0000,0x00000000473d0000)]
  0x00000000260c9000 JavaThread "Cancel handler" [_thread_blocked, id=10460, stack(0x00000000471d0000,0x00000000472d0000)]
  0x00000000260c1000 JavaThread "Handler for socket connection from /127.0.0.1:54885 to /127.0.0.1:57163" [_thread_in_native, id=11588, stack(0x00000000470d0000,0x00000000471d0000)]
  0x00000000260be800 JavaThread "Daemon Thread 12" [_thread_blocked, id=9016, stack(0x0000000046fd0000,0x00000000470d0000)]
  0x000000001b798800 JavaThread "pool-6-thread-1" [_thread_blocked, id=13240, stack(0x00000000278d0000,0x00000000279d0000)]
  0x000000001bedf000 JavaThread "MarlinRenderer Disposer" daemon [_thread_blocked, id=13504, stack(0x00000000257d0000,0x00000000258d0000)]
  0x000000001a281000 JavaThread "Java2D Disposer" daemon [_thread_blocked, id=13924, stack(0x0000000025510000,0x0000000025610000)]
  0x000000001bee5000 JavaThread "pool-1-thread-1" [_thread_blocked, id=3928, stack(0x0000000023c80000,0x0000000023d80000)]
  0x000000001a280800 JavaThread "Memory manager" [_thread_blocked, id=10012, stack(0x0000000022200000,0x0000000022300000)]
  0x000000001a012800 JavaThread "File lock request listener" [_thread_in_native, id=9080, stack(0x000000001c3f0000,0x000000001c4f0000)]
  0x000000001a28d800 JavaThread "Cache worker for file hash cache (C:\Users\spong\.gradle\caches\4.6\fileHashes)" [_thread_blocked, id=14272, stack(0x000000001c2f0000,0x000000001c3f0000)]
  0x0000000019c00800 JavaThread "Daemon periodic checks" [_thread_blocked, id=10224, stack(0x000000001a820000,0x000000001a920000)]
  0x0000000019bea000 JavaThread "Incoming local TCP Connector on port 54885" [_thread_in_native, id=3068, stack(0x000000001a5e0000,0x000000001a6e0000)]
  0x000000001857c000 JavaThread "Service Thread" daemon [_thread_blocked, id=10616, stack(0x0000000018a10000,0x0000000018b10000)]
  0x0000000018510800 JavaThread "C1 CompilerThread2" daemon [_thread_blocked, id=13748, stack(0x0000000018910000,0x0000000018a10000)]
  0x0000000016cb6000 JavaThread "C2 CompilerThread1" daemon [_thread_in_native, id=14732, stack(0x0000000018410000,0x0000000018510000)]
=>0x0000000016cfe000 JavaThread "C2 CompilerThread0" daemon [_thread_in_native, id=10604, stack(0x0000000018310000,0x0000000018410000)]
  0x0000000016caa800 JavaThread "Attach Listener" daemon [_thread_blocked, id=2624, stack(0x0000000018210000,0x0000000018310000)]
  0x0000000016c97800 JavaThread "Signal Dispatcher" daemon [_thread_blocked, id=15576, stack(0x0000000018110000,0x0000000018210000)]
  0x0000000016c88800 JavaThread "Finalizer" daemon [_thread_blocked, id=4516, stack(0x0000000017ef0000,0x0000000017ff0000)]
  0x0000000003302800 JavaThread "Reference Handler" daemon [_thread_blocked, id=11760, stack(0x0000000017df0000,0x0000000017ef0000)]
  0x000000000310e000 JavaThread "main" [_thread_blocked, id=3632, stack(0x0000000003110000,0x0000000003210000)]

Other Threads:
  0x0000000016c65000 VMThread [stack: 0x0000000017cf0000,0x0000000017df0000] [id=12828]
  0x000000001858d000 WatcherThread [stack: 0x0000000018b10000,0x0000000018c10000] [id=9552]

VM state:not at safepoint (normal execution)

VM Mutex/Monitor currently owned by a thread: None

Heap:
 PSYoungGen      total 455680K, used 144095K [0x00000000e0000000, 0x00000000ffc80000, 0x0000000100000000)
  eden space 396800K, 28% used [0x00000000e0000000,0x00000000e6dbe480,0x00000000f8380000)
  from space 58880K, 53% used [0x00000000fc300000,0x00000000fe1f97d8,0x00000000ffc80000)
  to   space 61952K, 0% used [0x00000000f8380000,0x00000000f8380000,0x00000000fc000000)
 ParOldGen       total 241152K, used 213649K [0x00000000a0000000, 0x00000000aeb80000, 0x00000000e0000000)
  object space 241152K, 88% used [0x00000000a0000000,0x00000000ad0a44f8,0x00000000aeb80000)
 Metaspace       used 127837K, capacity 136538K, committed 136704K, reserved 1169408K
  class space    used 15459K, capacity 17122K, committed 17152K, reserved 1048576K

Card table byte_map: [0x00000000126d0000,0x00000000129e0000] byte_map_base: 0x00000000121d0000

Marking Bits: (ParMarkBitMap*) 0x000000006dc65aa0
 Begin Bits: [0x0000000012fe0000, 0x00000000147e0000)
 End Bits:   [0x00000000147e0000, 0x0000000015fe0000)

Polling page: 0x00000000030d0000

CodeCache: size=245760Kb used=99719Kb max_used=99734Kb free=146040Kb
 bounds [0x0000000003310000, 0x0000000009500000, 0x0000000012310000]
 total_blobs=26980 nmethods=25958 adapters=932
 compilation: enabled

Compilation events (10 events):
Event: 4729.994 Thread 0x0000000018510800 34811       3       com.android.tools.r8.graph.JarClassFileReader$CreateDexClassVisitor::getAnnotations (23 bytes)
Event: 4729.994 Thread 0x0000000018510800 nmethod 34811 0x00000000094e5a90 code [0x00000000094e5c00, 0x00000000094e5f90]
Event: 4730.016 Thread 0x0000000018510800 34814       3       com.android.tools.r8.D8Command$Builder::validate (65 bytes)
Event: 4730.017 Thread 0x0000000018510800 nmethod 34814 0x00000000094e3ad0 code [0x00000000094e3d80, 0x00000000094e5118]
Event: 4730.017 Thread 0x0000000018510800 34815       3       com.android.tools.r8.D8Command$Builder::makeCommand (99 bytes)
Event: 4730.018 Thread 0x0000000018510800 nmethod 34815 0x00000000094eb090 code [0x00000000094eb280, 0x00000000094ec2e8]
Event: 4730.018 Thread 0x0000000018510800 34816       3       com.android.tools.r8.D8Command::getInternalOptions (328 bytes)
Event: 4730.019 Thread 0x0000000018510800 nmethod 34816 0x00000000094ec6d0 code [0x00000000094ec880, 0x00000000094ed018]
Event: 4730.065 Thread 0x0000000016cb6000 nmethod 34772% 0x00000000094f1c90 code [0x00000000094f1f20, 0x00000000094f3d50]
Event: 4730.065 Thread 0x0000000016cb6000 34819       4       com.android.tools.r8.ir.optimize.CodeRewriter::simplifyKnownBooleanCondition (554 bytes)

GC Heap History (10 events):
Event: 2777.862 GC heap before
{Heap before GC invocations=74 (full 4):
 PSYoungGen      total 468480K, used 467917K [0x00000000e0000000, 0x0000000100000000, 0x0000000100000000)
  eden space 414720K, 99% used [0x00000000e0000000,0x00000000f94eb798,0x00000000f9500000)
  from space 53760K, 99% used [0x00000000f9500000,0x00000000fc907ed0,0x00000000fc980000)
  to   space 55808K, 0% used [0x00000000fc980000,0x00000000fc980000,0x0000000100000000)
 ParOldGen       total 241152K, used 213091K [0x00000000a0000000, 0x00000000aeb80000, 0x00000000e0000000)
  object space 241152K, 88% used [0x00000000a0000000,0x00000000ad018e88,0x00000000aeb80000)
 Metaspace       used 124877K, capacity 132730K, committed 132992K, reserved 1165312K
  class space    used 15197K, capacity 16666K, committed 16768K, reserved 1048576K
Event: 2777.878 GC heap after
Heap after GC invocations=74 (full 4):
 PSYoungGen      total 460288K, used 20171K [0x00000000e0000000, 0x0000000100000000, 0x0000000100000000)
  eden space 404480K, 0% used [0x00000000e0000000,0x00000000e0000000,0x00000000f8b00000)
  from space 55808K, 36% used [0x00000000fc980000,0x00000000fdd32c70,0x0000000100000000)
  to   space 59904K, 0% used [0x00000000f8b00000,0x00000000f8b00000,0x00000000fc580000)
 ParOldGen       total 241152K, used 213099K [0x00000000a0000000, 0x00000000aeb80000, 0x00000000e0000000)
  object space 241152K, 88% used [0x00000000a0000000,0x00000000ad01ae88,0x00000000aeb80000)
 Metaspace       used 124877K, capacity 132730K, committed 132992K, reserved 1165312K
  class space    used 15197K, capacity 16666K, committed 16768K, reserved 1048576K
}
Event: 3277.085 GC heap before
{Heap before GC invocations=75 (full 4):
 PSYoungGen      total 460288K, used 424651K [0x00000000e0000000, 0x0000000100000000, 0x0000000100000000)
  eden space 404480K, 100% used [0x00000000e0000000,0x00000000f8b00000,0x00000000f8b00000)
  from space 55808K, 36% used [0x00000000fc980000,0x00000000fdd32c70,0x0000000100000000)
  to   space 59904K, 0% used [0x00000000f8b00000,0x00000000f8b00000,0x00000000fc580000)
 ParOldGen       total 241152K, used 213099K [0x00000000a0000000, 0x00000000aeb80000, 0x00000000e0000000)
  object space 241152K, 88% used [0x00000000a0000000,0x00000000ad01ae88,0x00000000aeb80000)
 Metaspace       used 125543K, capacity 133702K, committed 133888K, reserved 1167360K
  class space    used 15251K, capacity 16832K, committed 16896K, reserved 1048576K
Event: 3277.103 GC heap after
Heap after GC invocations=75 (full 4):
 PSYoungGen      total 464384K, used 16759K [0x00000000e0000000, 0x00000000fff00000, 0x0000000100000000)
  eden space 404480K, 0% used [0x00000000e0000000,0x00000000e0000000,0x00000000f8b00000)
  from space 59904K, 27% used [0x00000000f8b00000,0x00000000f9b5dd58,0x00000000fc580000)
  to   space 57344K, 0% used [0x00000000fc700000,0x00000000fc700000,0x00000000fff00000)
 ParOldGen       total 241152K, used 213107K [0x00000000a0000000, 0x00000000aeb80000, 0x00000000e0000000)
  object space 241152K, 88% used [0x00000000a0000000,0x00000000ad01ce88,0x00000000aeb80000)
 Metaspace       used 125543K, capacity 133702K, committed 133888K, reserved 1167360K
  class space    used 15251K, capacity 16832K, committed 16896K, reserved 1048576K
}
Event: 4692.245 GC heap before
{Heap before GC invocations=76 (full 4):
 PSYoungGen      total 464384K, used 421239K [0x00000000e0000000, 0x00000000fff00000, 0x0000000100000000)
  eden space 404480K, 100% used [0x00000000e0000000,0x00000000f8b00000,0x00000000f8b00000)
  from space 59904K, 27% used [0x00000000f8b00000,0x00000000f9b5dd58,0x00000000fc580000)
  to   space 57344K, 0% used [0x00000000fc700000,0x00000000fc700000,0x00000000fff00000)
 ParOldGen       total 241152K, used 213107K [0x00000000a0000000, 0x00000000aeb80000, 0x00000000e0000000)
  object space 241152K, 88% used [0x00000000a0000000,0x00000000ad01ce88,0x00000000aeb80000)
 Metaspace       used 127595K, capacity 136250K, committed 136448K, reserved 1169408K
  class space    used 15449K, capacity 17108K, committed 17152K, reserved 1048576K
Event: 4692.364 GC heap after
Heap after GC invocations=76 (full 4):
 PSYoungGen      total 451584K, used 52654K [0x00000000e0000000, 0x0000000100000000, 0x0000000100000000)
  eden space 394240K, 0% used [0x00000000e0000000,0x00000000e0000000,0x00000000f8100000)
  from space 57344K, 91% used [0x00000000fc700000,0x00000000ffa6b9c0,0x00000000fff00000)
  to   space 65024K, 0% used [0x00000000f8100000,0x00000000f8100000,0x00000000fc080000)
 ParOldGen       total 241152K, used 213115K [0x00000000a0000000, 0x00000000aeb80000, 0x00000000e0000000)
  object space 241152K, 88% used [0x00000000a0000000,0x00000000ad01ee88,0x00000000aeb80000)
 Metaspace       used 127595K, capacity 136250K, committed 136448K, reserved 1169408K
  class space    used 15449K, capacity 17108K, committed 17152K, reserved 1048576K
}
Event: 4703.942 GC heap before
{Heap before GC invocations=77 (full 4):
 PSYoungGen      total 451584K, used 446805K [0x00000000e0000000, 0x0000000100000000, 0x0000000100000000)
  eden space 394240K, 99% used [0x00000000e0000000,0x00000000f80e9ab0,0x00000000f8100000)
  from space 57344K, 91% used [0x00000000fc700000,0x00000000ffa6b9c0,0x00000000fff00000)
  to   space 65024K, 0% used [0x00000000f8100000,0x00000000f8100000,0x00000000fc080000)
 ParOldGen       total 241152K, used 213115K [0x00000000a0000000, 0x00000000aeb80000, 0x00000000e0000000)
  object space 241152K, 88% used [0x00000000a0000000,0x00000000ad01ee88,0x00000000aeb80000)
 Metaspace       used 127709K, capacity 136326K, committed 136448K, reserved 1169408K
  class space    used 15450K, capacity 17110K, committed 17152K, reserved 1048576K
Event: 4703.992 GC heap after
Heap after GC invocations=77 (full 4):
 PSYoungGen      total 459264K, used 15962K [0x00000000e0000000, 0x0000000100000000, 0x0000000100000000)
  eden space 394240K, 0% used [0x00000000e0000000,0x00000000e0000000,0x00000000f8100000)
  from space 65024K, 24% used [0x00000000f8100000,0x00000000f9096a28,0x00000000fc080000)
  to   space 62464K, 0% used [0x00000000fc300000,0x00000000fc300000,0x0000000100000000)
 ParOldGen       total 241152K, used 213456K [0x00000000a0000000, 0x00000000aeb80000, 0x00000000e0000000)
  object space 241152K, 88% used [0x00000000a0000000,0x00000000ad0742c8,0x00000000aeb80000)
 Metaspace       used 127709K, capacity 136326K, committed 136448K, reserved 1169408K
  class space    used 15450K, capacity 17110K, committed 17152K, reserved 1048576K
}
Event: 4727.876 GC heap before
{Heap before GC invocations=78 (full 4):
 PSYoungGen      total 459264K, used 392861K [0x00000000e0000000, 0x0000000100000000, 0x0000000100000000)
  eden space 394240K, 95% used [0x00000000e0000000,0x00000000f7010ae0,0x00000000f8100000)
  from space 65024K, 24% used [0x00000000f8100000,0x00000000f9096a28,0x00000000fc080000)
  to   space 62464K, 0% used [0x00000000fc300000,0x00000000fc300000,0x0000000100000000)
 ParOldGen       total 241152K, used 213456K [0x00000000a0000000, 0x00000000aeb80000, 0x00000000e0000000)
  object space 241152K, 88% used [0x00000000a0000000,0x00000000ad0742c8,0x00000000aeb80000)
 Metaspace       used 127819K, capacity 136538K, committed 136704K, reserved 1169408K
  class space    used 15458K, capacity 17122K, committed 17152K, reserved 1048576K
Event: 4727.916 GC heap after
Heap after GC invocations=78 (full 4):
 PSYoungGen      total 455680K, used 31717K [0x00000000e0000000, 0x00000000ffc80000, 0x0000000100000000)
  eden space 396800K, 0% used [0x00000000e0000000,0x00000000e0000000,0x00000000f8380000)
  from space 58880K, 53% used [0x00000000fc300000,0x00000000fe1f97d8,0x00000000ffc80000)
  to   space 61952K, 0% used [0x00000000f8380000,0x00000000f8380000,0x00000000fc000000)
 ParOldGen       total 241152K, used 213649K [0x00000000a0000000, 0x00000000aeb80000, 0x00000000e0000000)
  object space 241152K, 88% used [0x00000000a0000000,0x00000000ad0a44f8,0x00000000aeb80000)
 Metaspace       used 127819K, capacity 136538K, committed 136704K, reserved 1169408K
  class space    used 15458K, capacity 17122K, committed 17152K, reserved 1048576K
}

Deoptimization events (10 events):
Event: 4704.845 Thread 0x000000001bee3000 Uncommon trap: reason=bimorphic action=maybe_recompile pc=0x000000000650c9d4 method=java.io.ObjectInputStream$PeekInputStream.read()I @ 23
Event: 4704.845 Thread 0x000000001bee3000 Uncommon trap: reason=bimorphic action=maybe_recompile pc=0x000000000650c9d4 method=java.io.ObjectInputStream$PeekInputStream.read()I @ 23
Event: 4704.863 Thread 0x000000001bee3000 Uncommon trap: reason=bimorphic action=maybe_recompile pc=0x00000000064f2aa4 method=java.io.ObjectInputStream$PeekInputStream.read()I @ 23
Event: 4725.867 Thread 0x0000000027cf8000 Uncommon trap: reason=class_check action=maybe_recompile pc=0x00000000043f307c method=java.net.URLClassLoader.defineClass(Ljava/lang/String;Lsun/misc/Resource;)Ljava/lang/Class; @ 34
Event: 4727.532 Thread 0x000000001bee3000 Uncommon trap: reason=bimorphic action=maybe_recompile pc=0x00000000057d97b0 method=java.util.AbstractCollection.remove(Ljava/lang/Object;)Z @ 36
Event: 4729.624 Thread 0x0000000027cf6800 Uncommon trap: reason=array_check action=maybe_recompile pc=0x0000000007f65fec method=com.android.tools.r8.com.google.common.collect.ImmutableList.copyIntoArray([Ljava/lang/Object;I)I @ 25
Event: 4729.625 Thread 0x0000000027cf8000 Uncommon trap: reason=array_check action=maybe_recompile pc=0x0000000007f65fec method=com.android.tools.r8.com.google.common.collect.ImmutableList.copyIntoArray([Ljava/lang/Object;I)I @ 25
Event: 4729.702 Thread 0x0000000027cf8000 Uncommon trap: reason=array_check action=maybe_recompile pc=0x0000000007f65fec method=com.android.tools.r8.com.google.common.collect.ImmutableList.copyIntoArray([Ljava/lang/Object;I)I @ 25
Event: 4729.702 Thread 0x0000000027cf8000 Uncommon trap: reason=array_check action=maybe_recompile pc=0x0000000007f65fec method=com.android.tools.r8.com.google.common.collect.ImmutableList.copyIntoArray([Ljava/lang/Object;I)I @ 25
Event: 4730.053 Thread 0x0000000027cf8000 Uncommon trap: reason=unstable_if action=reinterpret pc=0x000000000824b0b0 method=com.android.tools.r8.ir.code.BasicBlock.isSimpleAlwaysThrowingPath()Z @ 89

Classes redefined (0 events):
No events

Internal exceptions (10 events):
Event: 4729.323 Thread 0x000000001bee3000 Exception <a 'sun/nio/fs/WindowsException'> (0x00000000e21ac378) thrown at [D:\src\AOSP-openjdk-cygwin\jdk8u\hotspot\src\share\vm\prims\jni.cpp, line 709]
Event: 4729.396 Thread 0x000000001bee3000 Exception <a 'sun/nio/fs/WindowsException'> (0x00000000e21f0e90) thrown at [D:\src\AOSP-openjdk-cygwin\jdk8u\hotspot\src\share\vm\prims\jni.cpp, line 709]
Event: 4729.457 Thread 0x000000001bee3000 Exception <a 'sun/nio/fs/WindowsException'> (0x00000000e221f870) thrown at [D:\src\AOSP-openjdk-cygwin\jdk8u\hotspot\src\share\vm\prims\jni.cpp, line 709]
Event: 4729.475 Thread 0x000000001bee3000 Exception <a 'sun/nio/fs/WindowsException'> (0x00000000e225a1b8) thrown at [D:\src\AOSP-openjdk-cygwin\jdk8u\hotspot\src\share\vm\prims\jni.cpp, line 709]
Event: 4729.475 Thread 0x000000001bee3000 Exception <a 'sun/nio/fs/WindowsException'> (0x00000000e225aa00) thrown at [D:\src\AOSP-openjdk-cygwin\jdk8u\hotspot\src\share\vm\prims\jni.cpp, line 709]
Event: 4729.475 Thread 0x000000001bee3000 Exception <a 'sun/nio/fs/WindowsException'> (0x00000000e225bf58) thrown at [D:\src\AOSP-openjdk-cygwin\jdk8u\hotspot\src\share\vm\prims\jni.cpp, line 709]
Event: 4729.529 Thread 0x000000001bee3000 Exception <a 'sun/nio/fs/WindowsException'> (0x00000000e2555c50) thrown at [D:\src\AOSP-openjdk-cygwin\jdk8u\hotspot\src\share\vm\prims\jni.cpp, line 709]
Event: 4729.798 Thread 0x000000001bee3000 Exception <a 'sun/nio/fs/WindowsException'> (0x00000000e258b948) thrown at [D:\src\AOSP-openjdk-cygwin\jdk8u\hotspot\src\share\vm\prims\jni.cpp, line 709]
Event: 4729.895 Thread 0x000000001bee3000 Exception <a 'sun/nio/fs/WindowsException'> (0x00000000e5a5b2c0) thrown at [D:\src\AOSP-openjdk-cygwin\jdk8u\hotspot\src\share\vm\prims\jni.cpp, line 709]
Event: 4730.070 Thread 0x000000001bee3000 Exception <a 'sun/nio/fs/WindowsException'> (0x00000000e5a8c510) thrown at [D:\src\AOSP-openjdk-cygwin\jdk8u\hotspot\src\share\vm\prims\jni.cpp, line 709]

Events (10 events):
Event: 4729.742 loading class com/android/tools/r8/com/google/common/collect/HashBiMap$Itr done
Event: 4729.761 Thread 0x0000000027cf6800 DEOPT PACKING pc=0x000000000872b60e sp=0x00000000489ce2a0
Event: 4729.761 Thread 0x0000000027cf6800 DEOPT UNPACKING pc=0x00000000033575d0 sp=0x00000000489ce108 mode 0
Event: 4729.866 Thread 0x0000000027cf9800 DEOPT PACKING pc=0x0000000007f63d23 sp=0x00000000488ce1a0
Event: 4729.866 Thread 0x0000000027cf9800 DEOPT UNPACKING pc=0x00000000033575d0 sp=0x00000000488cdf28 mode 0
Event: 4729.973 Thread 0x0000000027cf6800 DEOPT PACKING pc=0x0000000007ccdc34 sp=0x00000000489cdb30
Event: 4729.973 Thread 0x0000000027cf6800 DEOPT UNPACKING pc=0x00000000033575d0 sp=0x00000000489cd850 mode 0
Event: 4730.052 Thread 0x0000000027cf8000 Uncommon trap: trap_request=0xffffff65 fr.pc=0x000000000824b0b0
Event: 4730.053 Thread 0x0000000027cf8000 DEOPT PACKING pc=0x000000000824b0b0 sp=0x0000000048ace0d0
Event: 4730.053 Thread 0x0000000027cf8000 DEOPT UNPACKING pc=0x000000000335557b sp=0x0000000048ace090 mode 2


Dynamic libraries:
0x00007ff78c830000 - 0x00007ff78c861000 	C:\Program Files\Android\Android Studio\jre\bin\java.exe
0x00007ff859300000 - 0x00007ff8594e1000 	C:\WINDOWS\SYSTEM32\ntdll.dll
0x00007ff858ee0000 - 0x00007ff858f92000 	C:\WINDOWS\System32\KERNEL32.DLL
0x00007ff855980000 - 0x00007ff855bf3000 	C:\WINDOWS\System32\KERNELBASE.dll
0x00007ff858310000 - 0x00007ff8583b1000 	C:\WINDOWS\System32\ADVAPI32.dll
0x00007ff859220000 - 0x00007ff8592be000 	C:\WINDOWS\System32\msvcrt.dll
0x00007ff858fa0000 - 0x00007ff858ffb000 	C:\WINDOWS\System32\sechost.dll
0x00007ff8585d0000 - 0x00007ff8586f4000 	C:\WINDOWS\System32\RPCRT4.dll
0x00007ff858bb0000 - 0x00007ff858d40000 	C:\WINDOWS\System32\USER32.dll
0x00007ff855720000 - 0x00007ff855740000 	C:\WINDOWS\System32\win32u.dll
0x00007ff859000000 - 0x00007ff859028000 	C:\WINDOWS\System32\GDI32.dll
0x00007ff8557e0000 - 0x00007ff855972000 	C:\WINDOWS\System32\gdi32full.dll
0x00007ff855740000 - 0x00007ff8557df000 	C:\WINDOWS\System32\msvcp_win.dll
0x00007ff855d30000 - 0x00007ff855e2a000 	C:\WINDOWS\System32\ucrtbase.dll
0x00007ff8458f0000 - 0x00007ff845b59000 	C:\WINDOWS\WinSxS\amd64_microsoft.windows.common-controls_6595b64144ccf1df_6.0.17134.472_none_fb3f9af53068156d\COMCTL32.dll
0x00007ff858700000 - 0x00007ff858a22000 	C:\WINDOWS\System32\combase.dll
0x00007ff855cb0000 - 0x00007ff855d2a000 	C:\WINDOWS\System32\bcryptPrimitives.dll
0x00007ff858280000 - 0x00007ff8582ad000 	C:\WINDOWS\System32\IMM32.DLL
0x000000006d3a0000 - 0x000000006d472000 	C:\Program Files\Android\Android Studio\jre\jre\bin\msvcr100.dll
0x000000006d4a0000 - 0x000000006dce1000 	C:\Program Files\Android\Android Studio\jre\jre\bin\server\jvm.dll
0x00007ff858d40000 - 0x00007ff858d48000 	C:\WINDOWS\System32\PSAPI.DLL
0x00007ff853260000 - 0x00007ff853283000 	C:\WINDOWS\SYSTEM32\WINMM.dll
0x00007ff84a550000 - 0x00007ff84a559000 	C:\WINDOWS\SYSTEM32\WSOCK32.dll
0x00007ff84fe10000 - 0x00007ff84fe1a000 	C:\WINDOWS\SYSTEM32\VERSION.dll
0x00007ff8531e0000 - 0x00007ff85320a000 	C:\WINDOWS\SYSTEM32\winmmbase.dll
0x00007ff8556d0000 - 0x00007ff855719000 	C:\WINDOWS\System32\cfgmgr32.dll
0x00007ff858e60000 - 0x00007ff858ecc000 	C:\WINDOWS\System32\ws2_32.DLL
0x00007ff851140000 - 0x00007ff85114f000 	C:\Program Files\Android\Android Studio\jre\jre\bin\verify.dll
0x00007ff833a70000 - 0x00007ff833a99000 	C:\Program Files\Android\Android Studio\jre\jre\bin\java.dll
0x00007ff82d540000 - 0x00007ff82d556000 	C:\Program Files\Android\Android Studio\jre\jre\bin\zip.dll
0x00007ff8569f0000 - 0x00007ff857e30000 	C:\WINDOWS\System32\SHELL32.dll
0x00007ff8583c0000 - 0x00007ff858469000 	C:\WINDOWS\System32\shcore.dll
0x00007ff855e30000 - 0x00007ff85653d000 	C:\WINDOWS\System32\windows.storage.dll
0x00007ff856990000 - 0x00007ff8569e1000 	C:\WINDOWS\System32\shlwapi.dll
0x00007ff8556b0000 - 0x00007ff8556c1000 	C:\WINDOWS\System32\kernel.appcore.dll
0x00007ff855640000 - 0x00007ff85565f000 	C:\WINDOWS\System32\profapi.dll
0x00007ff855660000 - 0x00007ff8556ac000 	C:\WINDOWS\System32\powrprof.dll
0x00007ff855610000 - 0x00007ff85561a000 	C:\WINDOWS\System32\FLTLIB.DLL
0x00007ff82d050000 - 0x00007ff82d06a000 	C:\Program Files\Android\Android Studio\jre\jre\bin\net.dll
0x00007ff854e90000 - 0x00007ff854ef6000 	C:\WINDOWS\system32\mswsock.dll
0x00007ff82bf30000 - 0x00007ff82bf41000 	C:\Program Files\Android\Android Studio\jre\jre\bin\nio.dll
0x00007ff832390000 - 0x00007ff8323ae000 	C:\Users\spong\.gradle\native\25\windows-amd64\native-platform.dll
0x00007ff842790000 - 0x00007ff84279d000 	C:\Program Files\Android\Android Studio\jre\jre\bin\management.dll
0x00007ff855040000 - 0x00007ff855057000 	C:\WINDOWS\SYSTEM32\CRYPTSP.dll
0x00007ff854a10000 - 0x00007ff854a43000 	C:\WINDOWS\system32\rsaenh.dll
0x00007ff855170000 - 0x00007ff855195000 	C:\WINDOWS\SYSTEM32\bcrypt.dll
0x00007ff855540000 - 0x00007ff855568000 	C:\WINDOWS\SYSTEM32\USERENV.dll
0x00007ff855060000 - 0x00007ff85506b000 	C:\WINDOWS\SYSTEM32\CRYPTBASE.dll
0x00007ff854bb0000 - 0x00007ff854be8000 	C:\WINDOWS\SYSTEM32\IPHLPAPI.DLL
0x00007ff858ed0000 - 0x00007ff858ed8000 	C:\WINDOWS\System32\NSI.dll
0x00007ff84e1c0000 - 0x00007ff84e1d6000 	C:\WINDOWS\SYSTEM32\dhcpcsvc6.DLL
0x00007ff84ef70000 - 0x00007ff84ef8a000 	C:\WINDOWS\SYSTEM32\dhcpcsvc.DLL
0x00007ff833d30000 - 0x00007ff833d54000 	C:\Program Files\Android\Android Studio\jre\jre\bin\sunec.dll
0x00007ff854bf0000 - 0x00007ff854cae000 	C:\WINDOWS\SYSTEM32\DNSAPI.dll
0x00007ff84c490000 - 0x00007ff84c49a000 	C:\Windows\System32\rasadhlp.dll
0x00007ff84cb20000 - 0x00007ff84cb92000 	C:\WINDOWS\System32\fwpuclnt.dll
0x00007ff84dd40000 - 0x00007ff84dd4b000 	C:\Program Files\Android\Android Studio\jre\jre\bin\sunmscapi.dll
0x00007ff8565a0000 - 0x00007ff856782000 	C:\WINDOWS\System32\CRYPT32.dll
0x00007ff855620000 - 0x00007ff855632000 	C:\WINDOWS\System32\MSASN1.dll
0x00007ff817a80000 - 0x00007ff817c17000 	C:\Program Files\Android\Android Studio\jre\jre\bin\awt.dll
0x00007ff859030000 - 0x00007ff8590f2000 	C:\WINDOWS\System32\OLEAUT32.dll
0x00007ff8509b0000 - 0x00007ff850f77000 	C:\WINDOWS\SYSTEM32\d2d1.dll
0x00007ff853490000 - 0x00007ff85351b000 	C:\WINDOWS\SYSTEM32\apphelp.dll
0x00007ff8538d0000 - 0x00007ff8538f9000 	C:\WINDOWS\system32\DWMAPI.DLL
0x00007ff8535e0000 - 0x00007ff853678000 	C:\WINDOWS\system32\uxtheme.dll
0x00007ff854730000 - 0x00007ff854761000 	C:\WINDOWS\SYSTEM32\ntmarta.dll

VM Arguments:
jvm_args: -Xmx1536m -Dfile.encoding=windows-31j -Duser.country=US -Duser.language=en -Duser.variant 
java_command: org.gradle.launcher.daemon.bootstrap.GradleDaemon 4.6
java_class_path (initial): C:\Users\spong\.gradle\wrapper\dists\gradle-4.6-all\bcst21l2brirad8k2ben1letg\gradle-4.6\lib\gradle-launcher-4.6.jar
Launcher Type: SUN_STANDARD

Environment Variables:
PATH=C:\Program Files\Microsoft MPI\Bin\;C:\ProgramData\Oracle\Java\javapath;C:\Windows\system32;C:\Windows;C:\Windows\System32\Wbem;C:\Windows\System32\WindowsPowerShell\v1.0\;C:\Program Files (x86)\NVIDIA Corporation\PhysX\Common;C:\WINDOWS\system32;C:\WINDOWS;C:\WINDOWS\System32\Wbem;C:\WINDOWS\System32\WindowsPowerShell\v1.0\;C:\Program Files\dotnet\;C:\WINDOWS\System32\OpenSSH\;C:\Program Files\Microsoft SQL Server\Client SDK\ODBC\130\Tools\Binn\;C:\Program Files (x86)\Microsoft SQL Server\140\Tools\Binn\;C:\Program Files\Microsoft SQL Server\140\Tools\Binn\;C:\Program Files\Microsoft SQL Server\140\DTS\Binn\;C:\Program Files (x86)\Microsoft SQL Server\Client SDK\ODBC\130\Tools\Binn\;C:\Program Files (x86)\Microsoft SQL Server\140\DTS\Binn\;C:\Program Files (x86)\Microsoft SQL Server\140\Tools\Binn\ManagementStudio\;C:\Program Files\Git\cmd;C:\Program Files\NVIDIA Corporation\NVIDIA NvDLISR;C:\Users\spong\AppData\Local\Microsoft\WindowsApps;C:\Users\spong\AppData\Local\GitHubDesktop\bin
USERNAME=spong
OS=Windows_NT
PROCESSOR_IDENTIFIER=Intel64 Family 6 Model 142 Stepping 9, GenuineIntel



---------------  S Y S T E M  ---------------

OS: Windows 10.0 , 64 bit Build 17134 (10.0.17134.1)

CPU:total 4 (initial active 4) (2 cores per cpu, 2 threads per core) family 6 model 142 stepping 9, cmov, cx8, fxsr, mmx, sse, sse2, sse3, ssse3, sse4.1, sse4.2, popcnt, avx, avx2, aes, clmul, erms, 3dnowpref, lzcnt, ht, tsc, tscinvbit, bmi1, bmi2, adx

Memory: 4k page, physical 8266216k(1217724k free), swap 12460520k(12968k free)

vm_info: OpenJDK 64-Bit Server VM (25.152-b06) for windows-amd64 JRE (1.8.0_152-release-1136-b06), built by "builder" with MS VC++ 10.0 (VS2010)

time: Mon Jan 07 18:18:25 2019
elapsed time: 4730 seconds (0d 1h 18m 50s)

